0 info it worked if it ends with ok
1 verbose cli [ 'C:\\Program Files\\nodejs\\node.exe',
1 verbose cli   'C:\\Users\\EPICZEUS\\AppData\\Roaming\\npm\\node_modules\\npm\\bin\\npm-cli.js',
1 verbose cli   'i' ]
2 info using npm@4.0.5
3 info using node@v7.9.0
4 silly loadCurrentTree Starting
5 silly install loadCurrentTree
6 silly install readLocalPackageData
7 silly install normalizeTree
8 silly loadCurrentTree Finishing
9 silly loadIdealTree Starting
10 silly install loadIdealTree
11 silly cloneCurrentTree Starting
12 silly install cloneCurrentTreeToIdealTree
13 silly cloneCurrentTree Finishing
14 silly loadShrinkwrap Starting
15 silly install loadShrinkwrap
16 silly loadShrinkwrap Finishing
17 silly loadAllDepsIntoIdealTree Starting
18 silly install loadAllDepsIntoIdealTree
19 silly fetchNamedPackageData node
20 silly mapToRegistry name node
21 silly mapToRegistry using default registry
22 silly mapToRegistry registry https://registry.npmjs.org/
23 silly mapToRegistry data Result {
23 silly mapToRegistry   raw: 'node',
23 silly mapToRegistry   scope: null,
23 silly mapToRegistry   escapedName: 'node',
23 silly mapToRegistry   name: 'node',
23 silly mapToRegistry   rawSpec: '',
23 silly mapToRegistry   spec: 'latest',
23 silly mapToRegistry   type: 'tag' }
24 silly mapToRegistry uri https://registry.npmjs.org/node
25 verbose request uri https://registry.npmjs.org/node
26 verbose request no auth needed
27 info attempt registry request try #1 at 4:08:18 PM
28 verbose request id af97bd58d8426427
29 http request GET https://registry.npmjs.org/node
30 http 200 https://registry.npmjs.org/node
31 verbose headers { server: 'nginx/1.10.1',
31 verbose headers   'content-type': 'application/json',
31 verbose headers   'last-modified': 'Tue, 13 Oct 2015 00:37:12 GMT',
31 verbose headers   etag: 'W/"561c5238-43d"',
31 verbose headers   'content-encoding': 'gzip',
31 verbose headers   'cache-control': 'max-age=300',
31 verbose headers   'content-length': '550',
31 verbose headers   'accept-ranges': 'bytes',
31 verbose headers   date: 'Mon, 01 May 2017 20:08:16 GMT',
31 verbose headers   via: '1.1 varnish',
31 verbose headers   age: '9',
31 verbose headers   connection: 'keep-alive',
31 verbose headers   'x-served-by': 'cache-jfk8135-JFK',
31 verbose headers   'x-cache': 'HIT',
31 verbose headers   'x-cache-hits': '1',
31 verbose headers   'x-timer': 'S1493669297.940175,VS0,VE0',
31 verbose headers   vary: 'Accept-Encoding' }
32 silly get cb [ 200,
32 silly get   { server: 'nginx/1.10.1',
32 silly get     'content-type': 'application/json',
32 silly get     'last-modified': 'Tue, 13 Oct 2015 00:37:12 GMT',
32 silly get     etag: 'W/"561c5238-43d"',
32 silly get     'content-encoding': 'gzip',
32 silly get     'cache-control': 'max-age=300',
32 silly get     'content-length': '550',
32 silly get     'accept-ranges': 'bytes',
32 silly get     date: 'Mon, 01 May 2017 20:08:16 GMT',
32 silly get     via: '1.1 varnish',
32 silly get     age: '9',
32 silly get     connection: 'keep-alive',
32 silly get     'x-served-by': 'cache-jfk8135-JFK',
32 silly get     'x-cache': 'HIT',
32 silly get     'x-cache-hits': '1',
32 silly get     'x-timer': 'S1493669297.940175,VS0,VE0',
32 silly get     vary: 'Accept-Encoding' } ]
33 verbose get saving node to C:\Users\EPICZEUS\AppData\Roaming\npm-cache\registry.npmjs.org\node\.cache.json
34 verbose correctMkdir C:\Users\EPICZEUS\AppData\Roaming\npm-cache correctMkdir not in flight; initializing
35 silly fetchPackageMetaData Error: No compatible version found: node@>=7.9.0
35 silly fetchPackageMetaData Valid install targets:
35 silly fetchPackageMetaData 0.0.0
35 silly fetchPackageMetaData
35 silly fetchPackageMetaData     at pickVersionFromRegistryDocument (C:\Users\EPICZEUS\AppData\Roaming\npm\node_modules\npm\lib\fetch-package-metadata.js:178:16)
35 silly fetchPackageMetaData     at C:\Users\EPICZEUS\AppData\Roaming\npm\node_modules\npm\node_modules\iferr\index.js:13:50
35 silly fetchPackageMetaData     at C:\Users\EPICZEUS\AppData\Roaming\npm\node_modules\npm\lib\utils\pulse-till-done.js:20:8
35 silly fetchPackageMetaData     at saved (C:\Users\EPICZEUS\AppData\Roaming\npm\node_modules\npm\lib\cache\caching-client.js:174:7)
35 silly fetchPackageMetaData     at C:\Users\EPICZEUS\AppData\Roaming\npm\node_modules\npm\node_modules\graceful-fs\polyfills.js:261:18
35 silly fetchPackageMetaData     at FSReqWrap.oncomplete (fs.js:114:15)
35 silly fetchPackageMetaData  error for node@>=7.9.0 { Error: No compatible version found: node@>=7.9.0
35 silly fetchPackageMetaData Valid install targets:
35 silly fetchPackageMetaData 0.0.0
35 silly fetchPackageMetaData
35 silly fetchPackageMetaData     at pickVersionFromRegistryDocument (C:\Users\EPICZEUS\AppData\Roaming\npm\node_modules\npm\lib\fetch-package-metadata.js:178:16)
35 silly fetchPackageMetaData     at C:\Users\EPICZEUS\AppData\Roaming\npm\node_modules\npm\node_modules\iferr\index.js:13:50
35 silly fetchPackageMetaData     at C:\Users\EPICZEUS\AppData\Roaming\npm\node_modules\npm\lib\utils\pulse-till-done.js:20:8
35 silly fetchPackageMetaData     at saved (C:\Users\EPICZEUS\AppData\Roaming\npm\node_modules\npm\lib\cache\caching-client.js:174:7)
35 silly fetchPackageMetaData     at C:\Users\EPICZEUS\AppData\Roaming\npm\node_modules\npm\node_modules\graceful-fs\polyfills.js:261:18
35 silly fetchPackageMetaData     at FSReqWrap.oncomplete (fs.js:114:15) code: 'ETARGET' }
36 silly rollbackFailedOptional Starting
37 silly rollbackFailedOptional Finishing
38 silly runTopLevelLifecycles Finishing
39 silly install printInstalled
40 verbose stack Error: No compatible version found: node@>=7.9.0
40 verbose stack Valid install targets:
40 verbose stack 0.0.0
40 verbose stack
40 verbose stack     at pickVersionFromRegistryDocument (C:\Users\EPICZEUS\AppData\Roaming\npm\node_modules\npm\lib\fetch-package-metadata.js:178:16)
40 verbose stack     at C:\Users\EPICZEUS\AppData\Roaming\npm\node_modules\npm\node_modules\iferr\index.js:13:50
40 verbose stack     at C:\Users\EPICZEUS\AppData\Roaming\npm\node_modules\npm\lib\utils\pulse-till-done.js:20:8
40 verbose stack     at saved (C:\Users\EPICZEUS\AppData\Roaming\npm\node_modules\npm\lib\cache\caching-client.js:174:7)
40 verbose stack     at C:\Users\EPICZEUS\AppData\Roaming\npm\node_modules\npm\node_modules\graceful-fs\polyfills.js:261:18
40 verbose stack     at FSReqWrap.oncomplete (fs.js:114:15)
41 verbose cwd E:\d.js-selfbot
42 error Windows_NT 10.0.14393
43 error argv "C:\\Program Files\\nodejs\\node.exe" "C:\\Users\\EPICZEUS\\AppData\\Roaming\\npm\\node_modules\\npm\\bin\\npm-cli.js" "i"
44 error node v7.9.0
45 error npm  v4.0.5
46 error code ETARGET
47 error notarget No compatible version found: node@>=7.9.0
47 error notarget Valid install targets:
47 error notarget 0.0.0
48 error notarget This is most likely not a problem with npm itself.
48 error notarget In most cases you or one of your dependencies are requesting
48 error notarget a package version that doesn't exist.
48 error notarget
48 error notarget It was specified as a dependency of 'discordselfbot'
49 verbose exit [ 1, true ]
